[2024-10-16T09:14:07.063701+00:00] main.DEBUG: cache_invalidate:  {"method":"GET","url":"http:/","invalidateInfo":{"tags":["CONFIG"],"mode":"matchingTag"}} []
[2024-10-16T09:14:07.065541+00:00] main.DEBUG: cache_invalidate:  {"method":"GET","url":"http:/","invalidateInfo":{"tags":["LAYOUT_GENERAL_CACHE_TAG"],"mode":"matchingTag"}} []
[2024-10-16T09:14:07.067281+00:00] main.DEBUG: cache_invalidate:  {"method":"GET","url":"http:/","invalidateInfo":{"tags":["BLOCK_HTML"],"mode":"matchingTag"}} []
[2024-10-16T09:14:07.068593+00:00] main.DEBUG: cache_invalidate:  {"method":"GET","url":"http:/","invalidateInfo":{"tags":["COLLECTION_DATA"],"mode":"matchingTag"}} []
[2024-10-16T09:14:07.069793+00:00] main.DEBUG: cache_invalidate:  {"method":"GET","url":"http:/","invalidateInfo":{"tags":["REFLECTION"],"mode":"matchingTag"}} []
[2024-10-16T09:14:07.071294+00:00] main.DEBUG: cache_invalidate:  {"method":"GET","url":"http:/","invalidateInfo":{"tags":["DB_DDL"],"mode":"matchingTag"}} []
[2024-10-16T09:14:07.072953+00:00] main.DEBUG: cache_invalidate:  {"method":"GET","url":"http:/","invalidateInfo":{"tags":["COMPILED_CONFIG"],"mode":"matchingTag"}} []
[2024-10-16T09:14:07.074389+00:00] main.DEBUG: cache_invalidate:  {"method":"GET","url":"http:/","invalidateInfo":{"tags":["EAV"],"mode":"matchingTag"}} []
[2024-10-16T09:14:07.076743+00:00] main.DEBUG: cache_invalidate:  {"method":"GET","url":"http:/","invalidateInfo":{"tags":["CUSTOMER_NOTIFICATION"],"mode":"matchingTag"}} []
[2024-10-16T09:14:07.078140+00:00] main.DEBUG: cache_invalidate:  {"method":"GET","url":"http:/","invalidateInfo":{"tags":["INTEGRATION"],"mode":"matchingTag"}} []
[2024-10-16T09:14:07.079502+00:00] main.DEBUG: cache_invalidate:  {"method":"GET","url":"http:/","invalidateInfo":{"tags":["INTEGRATION_API_CONFIG"],"mode":"matchingTag"}} []
[2024-10-16T09:14:07.184428+00:00] main.DEBUG: cache_invalidate:  {"method":"GET","url":"http:/","invalidateInfo":{"tags":["FPC"],"mode":"matchingTag"}} []
[2024-10-16T09:14:07.186113+00:00] main.DEBUG: cache_invalidate:  {"method":"GET","url":"http:/","invalidateInfo":{"tags":["WEBSERVICE"],"mode":"matchingTag"}} []
[2024-10-16T09:14:07.187554+00:00] main.DEBUG: cache_invalidate:  {"method":"GET","url":"http:/","invalidateInfo":{"tags":["TRANSLATE"],"mode":"matchingTag"}} []
[2024-10-16T09:14:07.735676+00:00] main.DEBUG: cache_invalidate:  {"method":"GET","url":"http:/","invalidateInfo":{"identifier":"DB_PDO_MYSQL_DDL_customer_grid_flat_1"}} []
[2024-10-16T09:14:07.738215+00:00] main.DEBUG: cache_invalidate:  {"method":"GET","url":"http:/","invalidateInfo":{"identifier":"DB_PDO_MYSQL_DDL_customer_grid_flat_2"}} []
[2024-10-16T09:14:07.739363+00:00] main.DEBUG: cache_invalidate:  {"method":"GET","url":"http:/","invalidateInfo":{"identifier":"DB_PDO_MYSQL_DDL_customer_grid_flat_3"}} []
[2024-10-16T09:14:07.741860+00:00] main.DEBUG: cache_invalidate:  {"method":"GET","url":"http:/","invalidateInfo":{"identifier":"DB_PDO_MYSQL_DDL_customer_grid_flat_4"}} []
[2024-10-16T09:14:07.743679+00:00] main.DEBUG: cache_invalidate:  {"method":"GET","url":"http:/","invalidateInfo":{"identifier":"DB_PDO_MYSQL_DDL_customer_grid_flat_5"}} []
[2024-10-16T09:14:08.132299+00:00] main.DEBUG: cache_invalidate:  {"method":"GET","url":"http:/","invalidateInfo":{"identifier":"DB_PDO_MYSQL_DDL_customer_grid_flat_1"}} []
[2024-10-16T09:14:08.134017+00:00] main.DEBUG: cache_invalidate:  {"method":"GET","url":"http:/","invalidateInfo":{"identifier":"DB_PDO_MYSQL_DDL_customer_grid_flat_2"}} []
[2024-10-16T09:14:08.135150+00:00] main.DEBUG: cache_invalidate:  {"method":"GET","url":"http:/","invalidateInfo":{"identifier":"DB_PDO_MYSQL_DDL_customer_grid_flat_3"}} []
[2024-10-16T09:14:08.136488+00:00] main.DEBUG: cache_invalidate:  {"method":"GET","url":"http:/","invalidateInfo":{"identifier":"DB_PDO_MYSQL_DDL_customer_grid_flat_4"}} []
[2024-10-16T09:14:08.138413+00:00] main.DEBUG: cache_invalidate:  {"method":"GET","url":"http:/","invalidateInfo":{"identifier":"DB_PDO_MYSQL_DDL_customer_grid_flat_5"}} []
[2024-10-16T09:14:08.262384+00:00] main.DEBUG: cache_invalidate:  {"method":"GET","url":"http:/","invalidateInfo":{"tags":["LAYOUT_GENERAL_CACHE_TAG"],"mode":"matchingTag"}} []
[2024-10-16T09:14:08.264312+00:00] main.DEBUG: cache_invalidate:  {"method":"GET","url":"http:/","invalidateInfo":{"tags":["BLOCK_HTML"],"mode":"matchingTag"}} []
[2024-10-16T09:14:08.266038+00:00] main.DEBUG: cache_invalidate:  {"method":"GET","url":"http:/","invalidateInfo":{"tags":["FPC"],"mode":"matchingTag"}} []
[2024-10-16T09:14:08.456485+00:00] main.DEBUG: cache_invalidate:  {"method":"GET","url":"http:/","invalidateInfo":{"tags":["CONFIG"],"mode":"matchingTag"}} []
[2024-10-16T09:14:08.459849+00:00] main.DEBUG: cache_invalidate:  {"method":"GET","url":"http:/","invalidateInfo":{"tags":["LAYOUT_GENERAL_CACHE_TAG"],"mode":"matchingTag"}} []
[2024-10-16T09:14:08.462309+00:00] main.DEBUG: cache_invalidate:  {"method":"GET","url":"http:/","invalidateInfo":{"tags":["BLOCK_HTML"],"mode":"matchingTag"}} []
[2024-10-16T09:14:08.464706+00:00] main.DEBUG: cache_invalidate:  {"method":"GET","url":"http:/","invalidateInfo":{"tags":["COLLECTION_DATA"],"mode":"matchingTag"}} []
[2024-10-16T09:14:08.466927+00:00] main.DEBUG: cache_invalidate:  {"method":"GET","url":"http:/","invalidateInfo":{"tags":["REFLECTION"],"mode":"matchingTag"}} []
[2024-10-16T09:14:08.470027+00:00] main.DEBUG: cache_invalidate:  {"method":"GET","url":"http:/","invalidateInfo":{"tags":["DB_DDL"],"mode":"matchingTag"}} []
[2024-10-16T09:14:08.472109+00:00] main.DEBUG: cache_invalidate:  {"method":"GET","url":"http:/","invalidateInfo":{"tags":["COMPILED_CONFIG"],"mode":"matchingTag"}} []
[2024-10-16T09:14:08.474599+00:00] main.DEBUG: cache_invalidate:  {"method":"GET","url":"http:/","invalidateInfo":{"tags":["EAV"],"mode":"matchingTag"}} []
[2024-10-16T09:14:08.476785+00:00] main.DEBUG: cache_invalidate:  {"method":"GET","url":"http:/","invalidateInfo":{"tags":["CUSTOMER_NOTIFICATION"],"mode":"matchingTag"}} []
[2024-10-16T09:14:08.478823+00:00] main.DEBUG: cache_invalidate:  {"method":"GET","url":"http:/","invalidateInfo":{"tags":["INTEGRATION"],"mode":"matchingTag"}} []
[2024-10-16T09:14:08.480992+00:00] main.DEBUG: cache_invalidate:  {"method":"GET","url":"http:/","invalidateInfo":{"tags":["INTEGRATION_API_CONFIG"],"mode":"matchingTag"}} []
[2024-10-16T09:14:08.483324+00:00] main.DEBUG: cache_invalidate:  {"method":"GET","url":"http:/","invalidateInfo":{"tags":["FPC"],"mode":"matchingTag"}} []
[2024-10-16T09:14:08.485426+00:00] main.DEBUG: cache_invalidate:  {"method":"GET","url":"http:/","invalidateInfo":{"tags":["WEBSERVICE"],"mode":"matchingTag"}} []
[2024-10-16T09:14:08.487509+00:00] main.DEBUG: cache_invalidate:  {"method":"GET","url":"http:/","invalidateInfo":{"tags":["TRANSLATE"],"mode":"matchingTag"}} []
[2024-10-16T09:14:51.399948+00:00] main.DEBUG: cache_invalidate:  {"method":"GET","url":"http:/","invalidateInfo":{"tags":["FPC"],"mode":"matchingTag"}} []
[2024-10-16T09:15:01.809000+00:00] main.DEBUG: cache_invalidate:  {"method":"GET","url":"http:/","invalidateInfo":{"tags":[],"mode":"all"}} []
[2024-10-16T09:15:01.815751+00:00] main.DEBUG: cache_invalidate:  {"method":"GET","url":"http:/","invalidateInfo":{"tags":[],"mode":"all"}} []
[2024-10-16T09:20:47.916475+00:00] main.DEBUG: cache_invalidate:  {"method":"GET","url":"http:/","invalidateInfo":{"tags":["FPC"],"mode":"matchingTag"}} []
[2024-10-16T09:21:26.074476+00:00] main.DEBUG: cache_invalidate:  {"method":"GET","url":"http:/","invalidateInfo":{"tags":["FPC"],"mode":"matchingTag"}} []
[2024-10-16T09:23:42.554825+00:00] main.DEBUG: cache_invalidate:  {"method":"POST","url":"http://13.202.231.168/index.php/admin/admin/index/index/key/d8c2d0b44106ba09d35c6f43ca61530a345eb19b180827af63f2cb26fbcb64f5/","invalidateInfo":{"tags":["BACKEND_MAINMENU"],"mode":"matchingAnyTag"}} []
[2024-10-16T09:23:42.719669+00:00] main.DEBUG: cache_invalidate:  {"method":"POST","url":"http://13.202.231.168/index.php/admin/admin/index/index/key/d8c2d0b44106ba09d35c6f43ca61530a345eb19b180827af63f2cb26fbcb64f5/","invalidateInfo":{"tags":["PB_EDITOR_CONFIG","CONFIG"],"mode":"matchingTag"}} []
[2024-10-16T09:23:42.778651+00:00] main.INFO: Item Magento_Backend::system_currency was removed [] []
[2024-10-16T09:23:42.788521+00:00] main.INFO: Add of item with id Magento_Config::system_config was processed [] []
[2024-10-16T09:23:42.789161+00:00] main.INFO: Add of item with id Magento_AdminNotification::system_adminnotification was processed [] []
[2024-10-16T09:23:42.789536+00:00] main.INFO: Add of item with id Magento_Theme::design_config was processed [] []
[2024-10-16T09:23:42.789881+00:00] main.INFO: Add of item with id Magento_Theme::system_design_theme was processed [] []
[2024-10-16T09:23:42.790867+00:00] main.INFO: Add of item with id Magento_Backend::system_design_schedule was processed [] []
[2024-10-16T09:23:42.791539+00:00] main.INFO: Add of item with id Magento_Backend::system_store was processed [] []
[2024-10-16T09:23:42.792282+00:00] main.INFO: Add of item with id Magento_Backend::dashboard was processed [] []
[2024-10-16T09:23:42.792806+00:00] main.INFO: Add of item with id Magento_Backend::system was processed [] []
[2024-10-16T09:23:42.793154+00:00] main.INFO: Add of item with id Magento_Backend::system_tools was processed [] []
[2024-10-16T09:23:42.793748+00:00] main.INFO: Add of item with id Magento_Backend::system_design was processed [] []
[2024-10-16T09:23:42.794078+00:00] main.INFO: Add of item with id Magento_Backend::system_convert was processed [] []
[2024-10-16T09:23:42.794402+00:00] main.INFO: Add of item with id Magento_Backend::system_cache was processed [] []
[2024-10-16T09:23:42.795073+00:00] main.INFO: Add of item with id Magento_Backend::marketing was processed [] []
[2024-10-16T09:23:42.795506+00:00] main.INFO: Add of item with id Magento_Backend::marketing_communications was processed [] []
[2024-10-16T09:23:42.795859+00:00] main.INFO: Add of item with id Magento_Backend::marketing_seo was processed [] []
[2024-10-16T09:23:42.796267+00:00] main.INFO: Add of item with id Magento_Backend::marketing_user_content was processed [] []
[2024-10-16T09:23:42.796875+00:00] main.INFO: Add of item with id Magento_Backend::content was processed [] []
[2024-10-16T09:23:42.797572+00:00] main.INFO: Add of item with id Magento_Backend::content_elements was processed [] []
[2024-10-16T09:23:42.797959+00:00] main.INFO: Add of item with id Magento_Backend::stores was processed [] []
[2024-10-16T09:23:42.798299+00:00] main.INFO: Add of item with id Magento_Backend::stores_settings was processed [] []
[2024-10-16T09:23:42.798589+00:00] main.INFO: Add of item with id Magento_Backend::stores_attributes was processed [] []
[2024-10-16T09:23:42.798947+00:00] main.INFO: Add of item with id Magento_Backend::other_settings was processed [] []
[2024-10-16T09:23:42.799257+00:00] main.INFO: Add of item with id Magento_Backend::system_other_settings was processed [] []
[2024-10-16T09:23:42.799845+00:00] main.INFO: Add of item with id Magento_User::system_acl was processed [] []
[2024-10-16T09:23:42.800327+00:00] main.INFO: Add of item with id Magento_User::system_acl_users was processed [] []
[2024-10-16T09:23:42.801063+00:00] main.INFO: Add of item with id Magento_User::system_acl_roles was processed [] []
[2024-10-16T09:23:42.801463+00:00] main.INFO: Add of item with id Magento_User::system_acl_locks was processed [] []
[2024-10-16T09:23:42.801748+00:00] main.INFO: Add of item with id Magento_Customer::customer was processed [] []
[2024-10-16T09:23:42.802068+00:00] main.INFO: Add of item with id Magento_Customer::customer_manage was processed [] []
[2024-10-16T09:23:42.802370+00:00] main.INFO: Add of item with id Magento_Customer::customer_online was processed [] []
[2024-10-16T09:23:42.802726+00:00] main.INFO: Add of item with id Magento_Customer::customer_group was processed [] []
[2024-10-16T09:23:42.803022+00:00] main.INFO: Add of item with id Magento_Backup::system_tools_backup was processed [] []
[2024-10-16T09:23:42.803540+00:00] main.INFO: Add of item with id Magento_Indexer::system_index was processed [] []
[2024-10-16T09:23:42.804398+00:00] main.INFO: Add of item with id Magento_Variable::system_variable was processed [] []
[2024-10-16T09:23:42.804912+00:00] main.INFO: Add of item with id Magento_Cms::cms_page was processed [] []
[2024-10-16T09:23:42.805502+00:00] main.INFO: Add of item with id Magento_Cms::cms_block was processed [] []
[2024-10-16T09:23:42.805828+00:00] main.INFO: Add of item with id Magento_Search::search_terms was processed [] []
[2024-10-16T09:23:42.806115+00:00] main.INFO: Add of item with id Magento_Search::search_synonyms was processed [] []
[2024-10-16T09:23:42.806476+00:00] main.INFO: Add of item with id Magento_Catalog::catalog was processed [] []
[2024-10-16T09:23:42.806778+00:00] main.INFO: Add of item with id Magento_Catalog::catalog_products was processed [] []
[2024-10-16T09:23:42.807060+00:00] main.INFO: Add of item with id Magento_Catalog::catalog_categories was processed [] []
[2024-10-16T09:23:42.807943+00:00] main.INFO: Add of item with id Magento_Catalog::catalog_attributes_attributes was processed [] []
[2024-10-16T09:23:42.808285+00:00] main.INFO: Add of item with id Magento_Catalog::catalog_attributes_sets was processed [] []
[2024-10-16T09:23:42.808658+00:00] main.INFO: Add of item with id Magento_Catalog::inventory was processed [] []
[2024-10-16T09:23:42.809039+00:00] main.INFO: Add of item with id Magento_CatalogRule::promo was processed [] []
[2024-10-16T09:23:42.809487+00:00] main.INFO: Add of item with id Magento_CatalogRule::promo_catalog was processed [] []
[2024-10-16T09:23:42.809872+00:00] main.INFO: Add of item with id Magento_MediaGalleryUi::media was processed [] []
[2024-10-16T09:23:42.810199+00:00] main.INFO: Add of item with id Magento_MediaGalleryUi::media_gallery was processed [] []
[2024-10-16T09:23:42.810493+00:00] main.INFO: Add of item with id Magento_Integration::system_extensions was processed [] []
[2024-10-16T09:23:42.811054+00:00] main.INFO: Add of item with id Magento_Integration::system_integrations was processed [] []
[2024-10-16T09:23:42.811394+00:00] main.INFO: Add of item with id Magento_Sales::sales was processed [] []
[2024-10-16T09:23:42.811764+00:00] main.INFO: Add of item with id Magento_Sales::sales_operation was processed [] []
[2024-10-16T09:23:42.812080+00:00] main.INFO: Add of item with id Magento_Sales::sales_order was processed [] []
[2024-10-16T09:23:42.812543+00:00] main.INFO: Add of item with id Magento_Sales::sales_invoice was processed [] []
[2024-10-16T09:23:42.812841+00:00] main.INFO: Add of item with id Magento_Sales::sales_shipment was processed [] []
[2024-10-16T09:23:42.813208+00:00] main.INFO: Add of item with id Magento_Sales::sales_creditmemo was processed [] []
[2024-10-16T09:23:42.813493+00:00] main.INFO: Add of item with id Magento_Sales::sales_transactions was processed [] []
[2024-10-16T09:23:42.813769+00:00] main.INFO: Add of item with id Magento_Sales::system_order_statuses was processed [] []
[2024-10-16T09:23:42.814063+00:00] main.INFO: Add of item with id Magento_Widget::cms_widget_instance was processed [] []
[2024-10-16T09:23:42.814462+00:00] main.INFO: Add of item with id Magento_Analytics::business_intelligence was processed [] []
[2024-10-16T09:23:42.814787+00:00] main.INFO: Add of item with id Magento_Analytics::advanced_reporting was processed [] []
[2024-10-16T09:23:42.815066+00:00] main.INFO: Add of item with id Magento_Analytics::bi_essentials was processed [] []
[2024-10-16T09:23:42.815485+00:00] main.INFO: Add of item with id Magento_Downloadable::report_products_downloads was processed [] []
[2024-10-16T09:23:42.815894+00:00] main.INFO: Add of item with id Magento_ImportExport::system_convert_import was processed [] []
[2024-10-16T09:23:42.816180+00:00] main.INFO: Add of item with id Magento_ImportExport::system_convert_export was processed [] []
[2024-10-16T09:23:42.816477+00:00] main.INFO: Add of item with id Magento_ImportExport::system_convert_history was processed [] []
[2024-10-16T09:23:42.816768+00:00] main.INFO: Add of item with id Magento_Email::template was processed [] []
[2024-10-16T09:23:42.817173+00:00] main.INFO: Add of item with id Magento_EncryptionKey::system_crypt_key was processed [] []
[2024-10-16T09:23:42.817580+00:00] main.INFO: Add of item with id Magento_InventoryAdminUi::inventory was processed [] []
[2024-10-16T09:23:42.817896+00:00] main.INFO: Add of item with id Magento_InventoryAdminUi::source was processed [] []
[2024-10-16T09:23:42.818308+00:00] main.INFO: Add of item with id Magento_InventoryAdminUi::stock was processed [] []
[2024-10-16T09:23:42.818597+00:00] main.INFO: Add of item with id Magento_Reports::report was processed [] []
[2024-10-16T09:23:42.818900+00:00] main.INFO: Add of item with id Magento_Reports::report_marketing was processed [] []
[2024-10-16T09:23:42.819176+00:00] main.INFO: Add of item with id Magento_Reports::report_salesroot was processed [] []
[2024-10-16T09:23:42.819520+00:00] main.INFO: Add of item with id Magento_Reports::report_salesroot_sales was processed [] []
[2024-10-16T09:23:42.819918+00:00] main.INFO: Add of item with id Magento_Reports::report_salesroot_tax was processed [] []
[2024-10-16T09:23:42.820287+00:00] main.INFO: Add of item with id Magento_Reports::report_salesroot_invoiced was processed [] []
[2024-10-16T09:23:42.820572+00:00] main.INFO: Add of item with id Magento_Reports::report_salesroot_shipping was processed [] []
[2024-10-16T09:23:42.820847+00:00] main.INFO: Add of item with id Magento_Reports::report_salesroot_refunded was processed [] []
[2024-10-16T09:23:42.821532+00:00] main.INFO: Add of item with id Magento_Reports::report_salesroot_coupons was processed [] []
[2024-10-16T09:23:42.821938+00:00] main.INFO: Add of item with id Magento_Reports::report_shopcart_product was processed [] []
[2024-10-16T09:23:42.822777+00:00] main.INFO: Add of item with id Magento_Reports::report_shopcart_abandoned was processed [] []
[2024-10-16T09:23:42.823140+00:00] main.INFO: Add of item with id Magento_Reports::report_products was processed [] []
[2024-10-16T09:23:42.823721+00:00] main.INFO: Add of item with id Magento_Reports::report_products_bestsellers was processed [] []
[2024-10-16T09:23:42.824209+00:00] main.INFO: Add of item with id Magento_Reports::report_products_sold was processed [] []
[2024-10-16T09:23:42.824511+00:00] main.INFO: Add of item with id Magento_Reports::report_products_viewed was processed [] []
[2024-10-16T09:23:42.824787+00:00] main.INFO: Add of item with id Magento_Reports::report_products_lowstock was processed [] []
[2024-10-16T09:23:42.825261+00:00] main.INFO: Add of item with id Magento_Reports::report_customers was processed [] []
[2024-10-16T09:23:42.825604+00:00] main.INFO: Add of item with id Magento_Reports::report_customers_accounts was processed [] []
[2024-10-16T09:23:42.825905+00:00] main.INFO: Add of item with id Magento_Reports::report_customers_totals was processed [] []
[2024-10-16T09:23:42.826184+00:00] main.INFO: Add of item with id Magento_Reports::report_customers_orders was processed [] []
[2024-10-16T09:23:42.826603+00:00] main.INFO: Add of item with id Magento_Reports::report_statistics was processed [] []
[2024-10-16T09:23:42.826910+00:00] main.INFO: Add of item with id Magento_Reports::report_statistics_refresh was processed [] []
[2024-10-16T09:23:42.827207+00:00] main.INFO: Add of item with id Magento_Search::report_search_term was processed [] []
[2024-10-16T09:23:42.827489+00:00] main.INFO: Add of item with id Magento_LoginAsCustomerLog::login_log was processed [] []
[2024-10-16T09:23:42.827905+00:00] main.INFO: Add of item with id Magento_Marketplace::partners was processed [] []
[2024-10-16T09:23:42.828219+00:00] main.INFO: Add of item with id Magento_Newsletter::newsletter_template was processed [] []
[2024-10-16T09:23:42.828503+00:00] main.INFO: Add of item with id Magento_Newsletter::newsletter_queue was processed [] []
[2024-10-16T09:23:42.828796+00:00] main.INFO: Add of item with id Magento_Newsletter::newsletter_subscriber was processed [] []
[2024-10-16T09:23:42.829128+00:00] main.INFO: Add of item with id Magento_Newsletter::newsletter_problem was processed [] []
[2024-10-16T09:23:42.829440+00:00] main.INFO: Add of item with id Magento_SalesRule::promo_quote was processed [] []
[2024-10-16T09:23:42.829829+00:00] main.INFO: Add of item with id Magento_Sitemap::catalog_sitemap was processed [] []
[2024-10-16T09:23:42.830121+00:00] main.INFO: Add of item with id Magento_PageBuilder::templates was processed [] []
[2024-10-16T09:23:42.830878+00:00] main.INFO: Add of item with id Magento_Paypal::report_salesroot_paypal_settlement_reports was processed [] []
[2024-10-16T09:23:42.831571+00:00] main.INFO: Add of item with id Magento_Paypal::paypal_billing_agreement was processed [] []
[2024-10-16T09:23:42.836543+00:00] main.INFO: Add of item with id Magento_CheckoutAgreements::sales_checkoutagreement was processed [] []
[2024-10-16T09:23:42.836933+00:00] main.INFO: Add of item with id Magento_Review::catalog_reviews_ratings_ratings was processed [] []
[2024-10-16T09:23:42.840245+00:00] main.INFO: Add of item with id Magento_Review::catalog_reviews_ratings_pending was processed [] []
[2024-10-16T09:23:42.841769+00:00] main.INFO: Add of item with id Magento_Review::catalog_reviews_ratings_reviews_all was processed [] []
[2024-10-16T09:23:42.842256+00:00] main.INFO: Add of item with id Magento_Review::report_review was processed [] []
[2024-10-16T09:23:42.842963+00:00] main.INFO: Add of item with id Magento_Review::report_review_customer was processed [] []
[2024-10-16T09:23:42.843324+00:00] main.INFO: Add of item with id Magento_Review::report_review_product was processed [] []
[2024-10-16T09:23:42.843877+00:00] main.INFO: Add of item with id Magento_UrlRewrite::urlrewrite was processed [] []
[2024-10-16T09:23:42.844321+00:00] main.INFO: Add of item with id Magento_Tax::sales_tax was processed [] []
[2024-10-16T09:23:42.846409+00:00] main.INFO: Add of item with id Magento_Tax::sales_tax_rules was processed [] []
[2024-10-16T09:23:42.847043+00:00] main.INFO: Add of item with id Magento_Tax::sales_tax_rates was processed [] []
[2024-10-16T09:23:42.847942+00:00] main.INFO: Add of item with id Magento_TaxImportExport::system_convert_tax was processed [] []
[2024-10-16T09:23:42.849089+00:00] main.INFO: Add of item with id Magento_AsynchronousOperations::system_magento_logging was processed [] []
[2024-10-16T09:23:42.850394+00:00] main.INFO: Add of item with id Magento_AsynchronousOperations::system_magento_logging_bulk_operations was processed [] []
[2024-10-16T09:23:42.853115+00:00] main.INFO: Add of item with id Magento_CurrencySymbol::system_currency was processed [] []
[2024-10-16T09:23:42.857314+00:00] main.INFO: Add of item with id Magento_CurrencySymbol::system_currency_rates was processed [] []
[2024-10-16T09:23:42.859129+00:00] main.INFO: Add of item with id Magento_CurrencySymbol::system_currency_symbols was processed [] []
[2024-10-16T09:23:42.863011+00:00] main.INFO: Add of item with id PayPal_Braintree::settlement_report was processed [] []
[2024-10-16T09:23:42.867068+00:00] main.INFO: Add of item with id PayPal_Braintree::virtual_terminal was processed [] []
[2024-10-16T09:23:47.063101+00:00] main.DEBUG: Request validation failed for action "Magento\Framework\App\Action\Forward\Interceptor" {"exception":"[object] (Magento\\Framework\\App\\Request\\InvalidRequestException(code: 0): Invalid request received at /var/www/Live-Evomania/vendor/magento/framework/App/Request/CsrfValidator.php:105)"} []
