[2024-10-16T07:53:47.473426+00:00] main.INFO: Item Magento_Backend::system_currency was removed [] []
[2024-10-16T07:53:47.509482+00:00] main.INFO: Add of item with id Magento_Config::system_config was processed [] []
[2024-10-16T07:53:47.512502+00:00] main.INFO: Add of item with id Magento_AdminNotification::system_adminnotification was processed [] []
[2024-10-16T07:53:47.514579+00:00] main.INFO: Add of item with id Magento_Theme::design_config was processed [] []
[2024-10-16T07:53:47.514884+00:00] main.INFO: Add of item with id Magento_Theme::system_design_theme was processed [] []
[2024-10-16T07:53:47.517063+00:00] main.INFO: Add of item with id Magento_Backend::system_design_schedule was processed [] []
[2024-10-16T07:53:47.517469+00:00] main.INFO: Add of item with id Magento_Backend::system_store was processed [] []
[2024-10-16T07:53:47.517755+00:00] main.INFO: Add of item with id Magento_Backend::dashboard was processed [] []
[2024-10-16T07:53:47.518049+00:00] main.INFO: Add of item with id Magento_Backend::system was processed [] []
[2024-10-16T07:53:47.519474+00:00] main.INFO: Add of item with id Magento_Backend::system_tools was processed [] []
[2024-10-16T07:53:47.519790+00:00] main.INFO: Add of item with id Magento_Backend::system_design was processed [] []
[2024-10-16T07:53:47.520078+00:00] main.INFO: Add of item with id Magento_Backend::system_convert was processed [] []
[2024-10-16T07:53:47.525812+00:00] main.INFO: Add of item with id Magento_Backend::system_cache was processed [] []
[2024-10-16T07:53:47.529736+00:00] main.INFO: Add of item with id Magento_Backend::marketing was processed [] []
[2024-10-16T07:53:47.530587+00:00] main.INFO: Add of item with id Magento_Backend::marketing_communications was processed [] []
[2024-10-16T07:53:47.530885+00:00] main.INFO: Add of item with id Magento_Backend::marketing_seo was processed [] []
[2024-10-16T07:53:47.531162+00:00] main.INFO: Add of item with id Magento_Backend::marketing_user_content was processed [] []
[2024-10-16T07:53:47.532512+00:00] main.INFO: Add of item with id Magento_Backend::content was processed [] []
[2024-10-16T07:53:47.532806+00:00] main.INFO: Add of item with id Magento_Backend::content_elements was processed [] []
[2024-10-16T07:53:47.533080+00:00] main.INFO: Add of item with id Magento_Backend::stores was processed [] []
[2024-10-16T07:53:47.536104+00:00] main.INFO: Add of item with id Magento_Backend::stores_settings was processed [] []
[2024-10-16T07:53:47.536597+00:00] main.INFO: Add of item with id Magento_Backend::stores_attributes was processed [] []
[2024-10-16T07:53:47.536882+00:00] main.INFO: Add of item with id Magento_Backend::other_settings was processed [] []
[2024-10-16T07:53:47.537157+00:00] main.INFO: Add of item with id Magento_Backend::system_other_settings was processed [] []
[2024-10-16T07:53:47.537460+00:00] main.INFO: Add of item with id Magento_User::system_acl was processed [] []
[2024-10-16T07:53:47.537767+00:00] main.INFO: Add of item with id Magento_User::system_acl_users was processed [] []
[2024-10-16T07:53:47.538066+00:00] main.INFO: Add of item with id Magento_User::system_acl_roles was processed [] []
[2024-10-16T07:53:47.538556+00:00] main.INFO: Add of item with id Magento_User::system_acl_locks was processed [] []
[2024-10-16T07:53:47.538895+00:00] main.INFO: Add of item with id Magento_Customer::customer was processed [] []
[2024-10-16T07:53:47.540462+00:00] main.INFO: Add of item with id Magento_Customer::customer_manage was processed [] []
[2024-10-16T07:53:47.540794+00:00] main.INFO: Add of item with id Magento_Customer::customer_online was processed [] []
[2024-10-16T07:53:47.541074+00:00] main.INFO: Add of item with id Magento_Customer::customer_group was processed [] []
[2024-10-16T07:53:47.541372+00:00] main.INFO: Add of item with id Magento_Backup::system_tools_backup was processed [] []
[2024-10-16T07:53:47.541648+00:00] main.INFO: Add of item with id Magento_Indexer::system_index was processed [] []
[2024-10-16T07:53:47.541941+00:00] main.INFO: Add of item with id Magento_Variable::system_variable was processed [] []
[2024-10-16T07:53:47.542446+00:00] main.INFO: Add of item with id Magento_Cms::cms_page was processed [] []
[2024-10-16T07:53:47.542735+00:00] main.INFO: Add of item with id Magento_Cms::cms_block was processed [] []
[2024-10-16T07:53:47.543024+00:00] main.INFO: Add of item with id Magento_Search::search_terms was processed [] []
[2024-10-16T07:53:47.543323+00:00] main.INFO: Add of item with id Magento_Search::search_synonyms was processed [] []
[2024-10-16T07:53:47.543620+00:00] main.INFO: Add of item with id Magento_Catalog::catalog was processed [] []
[2024-10-16T07:53:47.547724+00:00] main.INFO: Add of item with id Magento_Catalog::catalog_products was processed [] []
[2024-10-16T07:53:47.548054+00:00] main.INFO: Add of item with id Magento_Catalog::catalog_categories was processed [] []
[2024-10-16T07:53:47.548658+00:00] main.INFO: Add of item with id Magento_Catalog::catalog_attributes_attributes was processed [] []
[2024-10-16T07:53:47.548955+00:00] main.INFO: Add of item with id Magento_Catalog::catalog_attributes_sets was processed [] []
[2024-10-16T07:53:47.549259+00:00] main.INFO: Add of item with id Magento_Catalog::inventory was processed [] []
[2024-10-16T07:53:47.550874+00:00] main.INFO: Add of item with id Magento_CatalogRule::promo was processed [] []
[2024-10-16T07:53:47.551224+00:00] main.INFO: Add of item with id Magento_CatalogRule::promo_catalog was processed [] []
[2024-10-16T07:53:47.551516+00:00] main.INFO: Add of item with id Magento_MediaGalleryUi::media was processed [] []
[2024-10-16T07:53:47.551806+00:00] main.INFO: Add of item with id Magento_MediaGalleryUi::media_gallery was processed [] []
[2024-10-16T07:53:47.552085+00:00] main.INFO: Add of item with id Magento_Integration::system_extensions was processed [] []
[2024-10-16T07:53:47.553676+00:00] main.INFO: Add of item with id Magento_Integration::system_integrations was processed [] []
[2024-10-16T07:53:47.553989+00:00] main.INFO: Add of item with id Magento_Sales::sales was processed [] []
[2024-10-16T07:53:47.554414+00:00] main.INFO: Add of item with id Magento_Sales::sales_operation was processed [] []
[2024-10-16T07:53:47.554717+00:00] main.INFO: Add of item with id Magento_Sales::sales_order was processed [] []
[2024-10-16T07:53:47.555999+00:00] main.INFO: Add of item with id Magento_Sales::sales_invoice was processed [] []
[2024-10-16T07:53:47.556628+00:00] main.INFO: Add of item with id Magento_Sales::sales_shipment was processed [] []
[2024-10-16T07:53:47.556914+00:00] main.INFO: Add of item with id Magento_Sales::sales_creditmemo was processed [] []
[2024-10-16T07:53:47.557310+00:00] main.INFO: Add of item with id Magento_Sales::sales_transactions was processed [] []
[2024-10-16T07:53:47.557656+00:00] main.INFO: Add of item with id Magento_Sales::system_order_statuses was processed [] []
[2024-10-16T07:53:47.558177+00:00] main.INFO: Add of item with id Magento_Widget::cms_widget_instance was processed [] []
[2024-10-16T07:53:47.558543+00:00] main.INFO: Add of item with id Magento_Analytics::business_intelligence was processed [] []
[2024-10-16T07:53:47.559857+00:00] main.INFO: Add of item with id Magento_Analytics::advanced_reporting was processed [] []
[2024-10-16T07:53:47.560168+00:00] main.INFO: Add of item with id Magento_Analytics::bi_essentials was processed [] []
[2024-10-16T07:53:47.560482+00:00] main.INFO: Add of item with id Magento_Downloadable::report_products_downloads was processed [] []
[2024-10-16T07:53:47.561150+00:00] main.INFO: Add of item with id Magento_ImportExport::system_convert_import was processed [] []
[2024-10-16T07:53:47.561780+00:00] main.INFO: Add of item with id Magento_ImportExport::system_convert_export was processed [] []
[2024-10-16T07:53:47.562164+00:00] main.INFO: Add of item with id Magento_ImportExport::system_convert_history was processed [] []
[2024-10-16T07:53:47.562496+00:00] main.INFO: Add of item with id Magento_Email::template was processed [] []
[2024-10-16T07:53:47.562805+00:00] main.INFO: Add of item with id Magento_EncryptionKey::system_crypt_key was processed [] []
[2024-10-16T07:53:47.563099+00:00] main.INFO: Add of item with id Magento_InventoryAdminUi::inventory was processed [] []
[2024-10-16T07:53:47.564576+00:00] main.INFO: Add of item with id Magento_InventoryAdminUi::source was processed [] []
[2024-10-16T07:53:47.564904+00:00] main.INFO: Add of item with id Magento_InventoryAdminUi::stock was processed [] []
[2024-10-16T07:53:47.565219+00:00] main.INFO: Add of item with id Magento_Reports::report was processed [] []
[2024-10-16T07:53:47.565584+00:00] main.INFO: Add of item with id Magento_Reports::report_marketing was processed [] []
[2024-10-16T07:53:47.565930+00:00] main.INFO: Add of item with id Magento_Reports::report_salesroot was processed [] []
[2024-10-16T07:53:47.566309+00:00] main.INFO: Add of item with id Magento_Reports::report_salesroot_sales was processed [] []
[2024-10-16T07:53:47.566608+00:00] main.INFO: Add of item with id Magento_Reports::report_salesroot_tax was processed [] []
[2024-10-16T07:53:47.566881+00:00] main.INFO: Add of item with id Magento_Reports::report_salesroot_invoiced was processed [] []
[2024-10-16T07:53:47.567152+00:00] main.INFO: Add of item with id Magento_Reports::report_salesroot_shipping was processed [] []
[2024-10-16T07:53:47.567436+00:00] main.INFO: Add of item with id Magento_Reports::report_salesroot_refunded was processed [] []
[2024-10-16T07:53:47.567714+00:00] main.INFO: Add of item with id Magento_Reports::report_salesroot_coupons was processed [] []
[2024-10-16T07:53:47.568000+00:00] main.INFO: Add of item with id Magento_Reports::report_shopcart_product was processed [] []
[2024-10-16T07:53:47.568428+00:00] main.INFO: Add of item with id Magento_Reports::report_shopcart_abandoned was processed [] []
[2024-10-16T07:53:47.568765+00:00] main.INFO: Add of item with id Magento_Reports::report_products was processed [] []
[2024-10-16T07:53:47.569049+00:00] main.INFO: Add of item with id Magento_Reports::report_products_bestsellers was processed [] []
[2024-10-16T07:53:47.569420+00:00] main.INFO: Add of item with id Magento_Reports::report_products_sold was processed [] []
[2024-10-16T07:53:47.569719+00:00] main.INFO: Add of item with id Magento_Reports::report_products_viewed was processed [] []
[2024-10-16T07:53:47.570174+00:00] main.INFO: Add of item with id Magento_Reports::report_products_lowstock was processed [] []
[2024-10-16T07:53:47.570496+00:00] main.INFO: Add of item with id Magento_Reports::report_customers was processed [] []
[2024-10-16T07:53:47.570798+00:00] main.INFO: Add of item with id Magento_Reports::report_customers_accounts was processed [] []
[2024-10-16T07:53:47.571077+00:00] main.INFO: Add of item with id Magento_Reports::report_customers_totals was processed [] []
[2024-10-16T07:53:47.571362+00:00] main.INFO: Add of item with id Magento_Reports::report_customers_orders was processed [] []
[2024-10-16T07:53:47.571634+00:00] main.INFO: Add of item with id Magento_Reports::report_statistics was processed [] []
[2024-10-16T07:53:47.571918+00:00] main.INFO: Add of item with id Magento_Reports::report_statistics_refresh was processed [] []
[2024-10-16T07:53:47.572205+00:00] main.INFO: Add of item with id Magento_Search::report_search_term was processed [] []
[2024-10-16T07:53:47.572481+00:00] main.INFO: Add of item with id Magento_LoginAsCustomerLog::login_log was processed [] []
[2024-10-16T07:53:47.572750+00:00] main.INFO: Add of item with id Magento_Marketplace::partners was processed [] []
[2024-10-16T07:53:47.573020+00:00] main.INFO: Add of item with id Magento_Newsletter::newsletter_template was processed [] []
[2024-10-16T07:53:47.573298+00:00] main.INFO: Add of item with id Magento_Newsletter::newsletter_queue was processed [] []
[2024-10-16T07:53:47.573659+00:00] main.INFO: Add of item with id Magento_Newsletter::newsletter_subscriber was processed [] []
[2024-10-16T07:53:47.574057+00:00] main.INFO: Add of item with id Magento_Newsletter::newsletter_problem was processed [] []
[2024-10-16T07:53:47.574452+00:00] main.INFO: Add of item with id Magento_SalesRule::promo_quote was processed [] []
[2024-10-16T07:53:47.574833+00:00] main.INFO: Add of item with id Magento_Sitemap::catalog_sitemap was processed [] []
[2024-10-16T07:53:47.575118+00:00] main.INFO: Add of item with id Magento_PageBuilder::templates was processed [] []
[2024-10-16T07:53:47.575407+00:00] main.INFO: Add of item with id Magento_Paypal::report_salesroot_paypal_settlement_reports was processed [] []
[2024-10-16T07:53:47.575693+00:00] main.INFO: Add of item with id Magento_Paypal::paypal_billing_agreement was processed [] []
[2024-10-16T07:53:47.576017+00:00] main.INFO: Add of item with id Magento_CheckoutAgreements::sales_checkoutagreement was processed [] []
[2024-10-16T07:53:47.576304+00:00] main.INFO: Add of item with id Magento_Review::catalog_reviews_ratings_ratings was processed [] []
[2024-10-16T07:53:47.576611+00:00] main.INFO: Add of item with id Magento_Review::catalog_reviews_ratings_pending was processed [] []
[2024-10-16T07:53:47.576888+00:00] main.INFO: Add of item with id Magento_Review::catalog_reviews_ratings_reviews_all was processed [] []
[2024-10-16T07:53:47.577160+00:00] main.INFO: Add of item with id Magento_Review::report_review was processed [] []
[2024-10-16T07:53:47.577536+00:00] main.INFO: Add of item with id Magento_Review::report_review_customer was processed [] []
[2024-10-16T07:53:47.577834+00:00] main.INFO: Add of item with id Magento_Review::report_review_product was processed [] []
[2024-10-16T07:53:47.578343+00:00] main.INFO: Add of item with id Magento_UrlRewrite::urlrewrite was processed [] []
[2024-10-16T07:53:47.578641+00:00] main.INFO: Add of item with id Magento_Tax::sales_tax was processed [] []
[2024-10-16T07:53:47.578984+00:00] main.INFO: Add of item with id Magento_Tax::sales_tax_rules was processed [] []
[2024-10-16T07:53:47.579276+00:00] main.INFO: Add of item with id Magento_Tax::sales_tax_rates was processed [] []
[2024-10-16T07:53:47.579555+00:00] main.INFO: Add of item with id Magento_TaxImportExport::system_convert_tax was processed [] []
[2024-10-16T07:53:47.579826+00:00] main.INFO: Add of item with id Magento_AsynchronousOperations::system_magento_logging was processed [] []
[2024-10-16T07:53:47.580112+00:00] main.INFO: Add of item with id Magento_AsynchronousOperations::system_magento_logging_bulk_operations was processed [] []
[2024-10-16T07:53:47.580529+00:00] main.INFO: Add of item with id Magento_CurrencySymbol::system_currency was processed [] []
[2024-10-16T07:53:47.580832+00:00] main.INFO: Add of item with id Magento_CurrencySymbol::system_currency_rates was processed [] []
[2024-10-16T07:53:47.581111+00:00] main.INFO: Add of item with id Magento_CurrencySymbol::system_currency_symbols was processed [] []
[2024-10-16T07:53:47.581477+00:00] main.INFO: Add of item with id PayPal_Braintree::settlement_report was processed [] []
[2024-10-16T07:53:47.581772+00:00] main.INFO: Add of item with id PayPal_Braintree::virtual_terminal was processed [] []
